<?xml version="1.0" encoding="UTF-8"?>
<!-- Generated by org.testng.reporters.JUnitReportReporter -->
<testsuite hostname="WIN-GTLVSHJM6A7" failures="0" tests="2" name="com.herokuapp.LoginTest" time="11.844" errors="0" timestamp="2023-02-11T12:47:21 EET" skipped="0">
  <testcase classname="com.herokuapp.LoginTest" name="positiveLogin" time="6.786"/>
  <system-out/>
  <testcase classname="com.herokuapp.LoginTest" name="negativeLogIn" time="5.058"/>
  <system-out/>
</testsuite> <!-- com.herokuapp.LoginTest -->
