<?xml version="1.0" encoding="UTF-8"?>
<!-- Generated by org.testng.reporters.JUnitReportReporter -->
<testsuite hostname="WIN-GTLVSHJM6A7" failures="0" tests="1" name="com.herokuapp.CheckboxTest" time="3.318" errors="0" timestamp="2023-02-11T12:47:21 EET" skipped="0">
  <testcase classname="com.herokuapp.CheckboxTest" name="checkboxTest" time="3.318"/>
  <system-out/>
</testsuite> <!-- com.herokuapp.CheckboxTest -->
